CRITICAL - 2023-09-23 06:38:11 --> Undefined variable $pro
in APPPATH\Views\products.php on line 12.
 1 APPPATH\Views\products.php(12): CodeIgniter\Debug\Exceptions->errorHandler(2, 'Undefined variable $pro', 'C:\\laragon\\www\\appDev_crud\\app\\Views\\products.php', 12)
 2 SYSTEMPATH\View\View.php(226): include('C:\\laragon\\www\\appDev_crud\\app\\Views\\products.php')
 3 SYSTEMPATH\View\View.php(229): CodeIgniter\View\View->CodeIgniter\View\{closure}()
 4 SYSTEMPATH\Common.php(1188): CodeIgniter\View\View->render('products', [], true)
 5 APPPATH\Controllers\ProductController.php(52): view('products', [...])
 6 SYSTEMPATH\CodeIgniter.php(919): App\Controllers\ProductController->test()
 7 SYSTEMPATH\CodeIgniter.php(494): CodeIgniter\CodeIgniter->runController(Object(App\Controllers\ProductController))
 8 SYSTEMPATH\CodeIgniter.php(353): CodeIgniter\CodeIgniter->handleRequest(null, Object(Config\Cache), false)
 9 FCPATH\index.php(79): CodeIgniter\CodeIgniter->run()
10 SYSTEMPATH\Commands\Server\rewrite.php(47): require_once('C:\\laragon\\www\\appDev_crud\\public\\index.php')
CRITICAL - 2023-09-23 06:38:37 --> Undefined variable $pro
in APPPATH\Views\products.php on line 12.
 1 APPPATH\Views\products.php(12): CodeIgniter\Debug\Exceptions->errorHandler(2, 'Undefined variable $pro', 'C:\\laragon\\www\\appDev_crud\\app\\Views\\products.php', 12)
 2 SYSTEMPATH\View\View.php(226): include('C:\\laragon\\www\\appDev_crud\\app\\Views\\products.php')
 3 SYSTEMPATH\View\View.php(229): CodeIgniter\View\View->CodeIgniter\View\{closure}()
 4 SYSTEMPATH\Common.php(1188): CodeIgniter\View\View->render('products', [], true)
 5 APPPATH\Controllers\ProductController.php(52): view('products', [...])
 6 SYSTEMPATH\CodeIgniter.php(919): App\Controllers\ProductController->test()
 7 SYSTEMPATH\CodeIgniter.php(494): CodeIgniter\CodeIgniter->runController(Object(App\Controllers\ProductController))
 8 SYSTEMPATH\CodeIgniter.php(353): CodeIgniter\CodeIgniter->handleRequest(null, Object(Config\Cache), false)
 9 FCPATH\index.php(79): CodeIgniter\CodeIgniter->run()
10 SYSTEMPATH\Commands\Server\rewrite.php(47): require_once('C:\\laragon\\www\\appDev_crud\\public\\index.php')
CRITICAL - 2023-09-23 06:43:52 --> Undefined variable $pro
in APPPATH\Views\products.php on line 12.
 1 APPPATH\Views\products.php(12): CodeIgniter\Debug\Exceptions->errorHandler(2, 'Undefined variable $pro', 'C:\\laragon\\www\\appDev_crud\\app\\Views\\products.php', 12)
 2 SYSTEMPATH\View\View.php(226): include('C:\\laragon\\www\\appDev_crud\\app\\Views\\products.php')
 3 SYSTEMPATH\View\View.php(229): CodeIgniter\View\View->CodeIgniter\View\{closure}()
 4 SYSTEMPATH\Common.php(1188): CodeIgniter\View\View->render('products', [], true)
 5 APPPATH\Controllers\ProductController.php(52): view('products', [...])
 6 SYSTEMPATH\CodeIgniter.php(919): App\Controllers\ProductController->test()
 7 SYSTEMPATH\CodeIgniter.php(494): CodeIgniter\CodeIgniter->runController(Object(App\Controllers\ProductController))
 8 SYSTEMPATH\CodeIgniter.php(353): CodeIgniter\CodeIgniter->handleRequest(null, Object(Config\Cache), false)
 9 FCPATH\index.php(79): CodeIgniter\CodeIgniter->run()
10 SYSTEMPATH\Commands\Server\rewrite.php(47): require_once('C:\\laragon\\www\\appDev_crud\\public\\index.php')
CRITICAL - 2023-09-23 06:55:56 --> Undefined variable $pro
in APPPATH\Views\products.php on line 12.
 1 APPPATH\Views\products.php(12): CodeIgniter\Debug\Exceptions->errorHandler(2, 'Undefined variable $pro', 'C:\\laragon\\www\\appDev_crud\\app\\Views\\products.php', 12)
 2 SYSTEMPATH\View\View.php(226): include('C:\\laragon\\www\\appDev_crud\\app\\Views\\products.php')
 3 SYSTEMPATH\View\View.php(229): CodeIgniter\View\View->CodeIgniter\View\{closure}()
 4 SYSTEMPATH\Common.php(1188): CodeIgniter\View\View->render('products', [], true)
 5 APPPATH\Controllers\ProductController.php(52): view('products', [...])
 6 SYSTEMPATH\CodeIgniter.php(919): App\Controllers\ProductController->test()
 7 SYSTEMPATH\CodeIgniter.php(494): CodeIgniter\CodeIgniter->runController(Object(App\Controllers\ProductController))
 8 SYSTEMPATH\CodeIgniter.php(353): CodeIgniter\CodeIgniter->handleRequest(null, Object(Config\Cache), false)
 9 FCPATH\index.php(79): CodeIgniter\CodeIgniter->run()
10 SYSTEMPATH\Commands\Server\rewrite.php(47): require_once('C:\\laragon\\www\\appDev_crud\\public\\index.php')
ERROR - 2023-09-23 07:01:18 --> mysqli_sql_exception: Column 'ProductName' cannot be null in C:\laragon\www\appDev_crud\system\Database\MySQLi\Connection.php:306
Stack trace:
#0 C:\laragon\www\appDev_crud\system\Database\MySQLi\Connection.php(306): mysqli->query('INSERT INTO `pr...', 0)
#1 C:\laragon\www\appDev_crud\system\Database\BaseConnection.php(692): CodeIgniter\Database\MySQLi\Connection->execute('INSERT INTO `pr...')
#2 C:\laragon\www\appDev_crud\system\Database\BaseConnection.php(606): CodeIgniter\Database\BaseConnection->simpleQuery('INSERT INTO `pr...')
#3 C:\laragon\www\appDev_crud\system\Database\BaseBuilder.php(2308): CodeIgniter\Database\BaseConnection->query('INSERT INTO `pr...', Array, false)
#4 C:\laragon\www\appDev_crud\system\Model.php(319): CodeIgniter\Database\BaseBuilder->insert()
#5 C:\laragon\www\appDev_crud\system\BaseModel.php(788): CodeIgniter\Model->doInsert(Array)
#6 C:\laragon\www\appDev_crud\system\Model.php(715): CodeIgniter\BaseModel->insert(Array, false)
#7 C:\laragon\www\appDev_crud\system\BaseModel.php(698): CodeIgniter\Model->insert(Array, false)
#8 C:\laragon\www\appDev_crud\app\Controllers\ProductController.php(40): CodeIgniter\BaseModel->save(Array)
#9 C:\laragon\www\appDev_crud\system\CodeIgniter.php(919): App\Controllers\ProductController->save()
#10 C:\laragon\www\appDev_crud\system\CodeIgniter.php(494): CodeIgniter\CodeIgniter->runController(Object(App\Controllers\ProductController))
#11 C:\laragon\www\appDev_crud\system\CodeIgniter.php(353): CodeIgniter\CodeIgniter->handleRequest(NULL, Object(Config\Cache), false)
#12 C:\laragon\www\appDev_crud\public\index.php(79): CodeIgniter\CodeIgniter->run()
#13 C:\laragon\www\appDev_crud\system\Commands\Server\rewrite.php(47): require_once('C:\\laragon\\www\\...')
#14 {main}
CRITICAL - 2023-09-23 07:01:19 --> Column 'ProductName' cannot be null
in SYSTEMPATH\Database\BaseConnection.php on line 646.
 1 SYSTEMPATH\Database\BaseBuilder.php(2308): CodeIgniter\Database\BaseConnection->query('INSERT INTO `products` (`ProductName`, `ProductDescription`, `ProductCategory`, `ProductQuantity`, `ProductPrice`) VALUES (:ProductName:, :ProductDescription:, :ProductCategory:, :ProductQuantity:, :ProductPrice:)', [...], false)
 2 SYSTEMPATH\Model.php(319): CodeIgniter\Database\BaseBuilder->insert()
 3 SYSTEMPATH\BaseModel.php(788): CodeIgniter\Model->doInsert([...])
 4 SYSTEMPATH\Model.php(715): CodeIgniter\BaseModel->insert([...], false)
 5 SYSTEMPATH\BaseModel.php(698): CodeIgniter\Model->insert([...], false)
 6 APPPATH\Controllers\ProductController.php(40): CodeIgniter\BaseModel->save([...])
 7 SYSTEMPATH\CodeIgniter.php(919): App\Controllers\ProductController->save()
 8 SYSTEMPATH\CodeIgniter.php(494): CodeIgniter\CodeIgniter->runController(Object(App\Controllers\ProductController))
 9 SYSTEMPATH\CodeIgniter.php(353): CodeIgniter\CodeIgniter->handleRequest(null, Object(Config\Cache), false)
10 FCPATH\index.php(79): CodeIgniter\CodeIgniter->run()
11 SYSTEMPATH\Commands\Server\rewrite.php(47): require_once('C:\\laragon\\www\\appDev_crud\\public\\index.php')
ERROR - 2023-09-23 07:02:54 --> mysqli_sql_exception: Column 'ProductName' cannot be null in C:\laragon\www\appDev_crud\system\Database\MySQLi\Connection.php:306
Stack trace:
#0 C:\laragon\www\appDev_crud\system\Database\MySQLi\Connection.php(306): mysqli->query('INSERT INTO `pr...', 0)
#1 C:\laragon\www\appDev_crud\system\Database\BaseConnection.php(692): CodeIgniter\Database\MySQLi\Connection->execute('INSERT INTO `pr...')
#2 C:\laragon\www\appDev_crud\system\Database\BaseConnection.php(606): CodeIgniter\Database\BaseConnection->simpleQuery('INSERT INTO `pr...')
#3 C:\laragon\www\appDev_crud\system\Database\BaseBuilder.php(2308): CodeIgniter\Database\BaseConnection->query('INSERT INTO `pr...', Array, false)
#4 C:\laragon\www\appDev_crud\system\Model.php(319): CodeIgniter\Database\BaseBuilder->insert()
#5 C:\laragon\www\appDev_crud\system\BaseModel.php(788): CodeIgniter\Model->doInsert(Array)
#6 C:\laragon\www\appDev_crud\system\Model.php(715): CodeIgniter\BaseModel->insert(Array, false)
#7 C:\laragon\www\appDev_crud\system\BaseModel.php(698): CodeIgniter\Model->insert(Array, false)
#8 C:\laragon\www\appDev_crud\app\Controllers\ProductController.php(40): CodeIgniter\BaseModel->save(Array)
#9 C:\laragon\www\appDev_crud\system\CodeIgniter.php(919): App\Controllers\ProductController->save()
#10 C:\laragon\www\appDev_crud\system\CodeIgniter.php(494): CodeIgniter\CodeIgniter->runController(Object(App\Controllers\ProductController))
#11 C:\laragon\www\appDev_crud\system\CodeIgniter.php(353): CodeIgniter\CodeIgniter->handleRequest(NULL, Object(Config\Cache), false)
#12 C:\laragon\www\appDev_crud\public\index.php(79): CodeIgniter\CodeIgniter->run()
#13 C:\laragon\www\appDev_crud\system\Commands\Server\rewrite.php(47): require_once('C:\\laragon\\www\\...')
#14 {main}
CRITICAL - 2023-09-23 07:02:54 --> Column 'ProductName' cannot be null
in SYSTEMPATH\Database\BaseConnection.php on line 646.
 1 SYSTEMPATH\Database\BaseBuilder.php(2308): CodeIgniter\Database\BaseConnection->query('INSERT INTO `products` (`ProductName`, `ProductDescription`, `ProductCategory`, `ProductQuantity`, `ProductPrice`) VALUES (:ProductName:, :ProductDescription:, :ProductCategory:, :ProductQuantity:, :ProductPrice:)', [...], false)
 2 SYSTEMPATH\Model.php(319): CodeIgniter\Database\BaseBuilder->insert()
 3 SYSTEMPATH\BaseModel.php(788): CodeIgniter\Model->doInsert([...])
 4 SYSTEMPATH\Model.php(715): CodeIgniter\BaseModel->insert([...], false)
 5 SYSTEMPATH\BaseModel.php(698): CodeIgniter\Model->insert([...], false)
 6 APPPATH\Controllers\ProductController.php(40): CodeIgniter\BaseModel->save([...])
 7 SYSTEMPATH\CodeIgniter.php(919): App\Controllers\ProductController->save()
 8 SYSTEMPATH\CodeIgniter.php(494): CodeIgniter\CodeIgniter->runController(Object(App\Controllers\ProductController))
 9 SYSTEMPATH\CodeIgniter.php(353): CodeIgniter\CodeIgniter->handleRequest(null, Object(Config\Cache), false)
10 FCPATH\index.php(79): CodeIgniter\CodeIgniter->run()
11 SYSTEMPATH\Commands\Server\rewrite.php(47): require_once('C:\\laragon\\www\\appDev_crud\\public\\index.php')
ERROR - 2023-09-23 07:03:35 --> mysqli_sql_exception: Column 'ProductName' cannot be null in C:\laragon\www\appDev_crud\system\Database\MySQLi\Connection.php:306
Stack trace:
#0 C:\laragon\www\appDev_crud\system\Database\MySQLi\Connection.php(306): mysqli->query('INSERT INTO `pr...', 0)
#1 C:\laragon\www\appDev_crud\system\Database\BaseConnection.php(692): CodeIgniter\Database\MySQLi\Connection->execute('INSERT INTO `pr...')
#2 C:\laragon\www\appDev_crud\system\Database\BaseConnection.php(606): CodeIgniter\Database\BaseConnection->simpleQuery('INSERT INTO `pr...')
#3 C:\laragon\www\appDev_crud\system\Database\BaseBuilder.php(2308): CodeIgniter\Database\BaseConnection->query('INSERT INTO `pr...', Array, false)
#4 C:\laragon\www\appDev_crud\system\Model.php(319): CodeIgniter\Database\BaseBuilder->insert()
#5 C:\laragon\www\appDev_crud\system\BaseModel.php(788): CodeIgniter\Model->doInsert(Array)
#6 C:\laragon\www\appDev_crud\system\Model.php(715): CodeIgniter\BaseModel->insert(Array, false)
#7 C:\laragon\www\appDev_crud\system\BaseModel.php(698): CodeIgniter\Model->insert(Array, false)
#8 C:\laragon\www\appDev_crud\app\Controllers\ProductController.php(40): CodeIgniter\BaseModel->save(Array)
#9 C:\laragon\www\appDev_crud\system\CodeIgniter.php(919): App\Controllers\ProductController->save()
#10 C:\laragon\www\appDev_crud\system\CodeIgniter.php(494): CodeIgniter\CodeIgniter->runController(Object(App\Controllers\ProductController))
#11 C:\laragon\www\appDev_crud\system\CodeIgniter.php(353): CodeIgniter\CodeIgniter->handleRequest(NULL, Object(Config\Cache), false)
#12 C:\laragon\www\appDev_crud\public\index.php(79): CodeIgniter\CodeIgniter->run()
#13 C:\laragon\www\appDev_crud\system\Commands\Server\rewrite.php(47): require_once('C:\\laragon\\www\\...')
#14 {main}
CRITICAL - 2023-09-23 07:03:35 --> Column 'ProductName' cannot be null
in SYSTEMPATH\Database\BaseConnection.php on line 646.
 1 SYSTEMPATH\Database\BaseBuilder.php(2308): CodeIgniter\Database\BaseConnection->query('INSERT INTO `products` (`ProductName`, `ProductDescription`, `ProductCategory`, `ProductQuantity`, `ProductPrice`) VALUES (:ProductName:, :ProductDescription:, :ProductCategory:, :ProductQuantity:, :ProductPrice:)', [...], false)
 2 SYSTEMPATH\Model.php(319): CodeIgniter\Database\BaseBuilder->insert()
 3 SYSTEMPATH\BaseModel.php(788): CodeIgniter\Model->doInsert([...])
 4 SYSTEMPATH\Model.php(715): CodeIgniter\BaseModel->insert([...], false)
 5 SYSTEMPATH\BaseModel.php(698): CodeIgniter\Model->insert([...], false)
 6 APPPATH\Controllers\ProductController.php(40): CodeIgniter\BaseModel->save([...])
 7 SYSTEMPATH\CodeIgniter.php(919): App\Controllers\ProductController->save()
 8 SYSTEMPATH\CodeIgniter.php(494): CodeIgniter\CodeIgniter->runController(Object(App\Controllers\ProductController))
 9 SYSTEMPATH\CodeIgniter.php(353): CodeIgniter\CodeIgniter->handleRequest(null, Object(Config\Cache), false)
10 FCPATH\index.php(79): CodeIgniter\CodeIgniter->run()
11 SYSTEMPATH\Commands\Server\rewrite.php(47): require_once('C:\\laragon\\www\\appDev_crud\\public\\index.php')
ERROR - 2023-09-23 07:06:29 --> mysqli_sql_exception: Column 'ProductName' cannot be null in C:\laragon\www\appDev_crud\system\Database\MySQLi\Connection.php:306
Stack trace:
#0 C:\laragon\www\appDev_crud\system\Database\MySQLi\Connection.php(306): mysqli->query('INSERT INTO `pr...', 0)
#1 C:\laragon\www\appDev_crud\system\Database\BaseConnection.php(692): CodeIgniter\Database\MySQLi\Connection->execute('INSERT INTO `pr...')
#2 C:\laragon\www\appDev_crud\system\Database\BaseConnection.php(606): CodeIgniter\Database\BaseConnection->simpleQuery('INSERT INTO `pr...')
#3 C:\laragon\www\appDev_crud\system\Database\BaseBuilder.php(2308): CodeIgniter\Database\BaseConnection->query('INSERT INTO `pr...', Array, false)
#4 C:\laragon\www\appDev_crud\system\Model.php(319): CodeIgniter\Database\BaseBuilder->insert()
#5 C:\laragon\www\appDev_crud\system\BaseModel.php(788): CodeIgniter\Model->doInsert(Array)
#6 C:\laragon\www\appDev_crud\system\Model.php(715): CodeIgniter\BaseModel->insert(Array, false)
#7 C:\laragon\www\appDev_crud\system\BaseModel.php(698): CodeIgniter\Model->insert(Array, false)
#8 C:\laragon\www\appDev_crud\app\Controllers\ProductController.php(40): CodeIgniter\BaseModel->save(Array)
#9 C:\laragon\www\appDev_crud\system\CodeIgniter.php(919): App\Controllers\ProductController->save()
#10 C:\laragon\www\appDev_crud\system\CodeIgniter.php(494): CodeIgniter\CodeIgniter->runController(Object(App\Controllers\ProductController))
#11 C:\laragon\www\appDev_crud\system\CodeIgniter.php(353): CodeIgniter\CodeIgniter->handleRequest(NULL, Object(Config\Cache), false)
#12 C:\laragon\www\appDev_crud\public\index.php(79): CodeIgniter\CodeIgniter->run()
#13 C:\laragon\www\appDev_crud\system\Commands\Server\rewrite.php(47): require_once('C:\\laragon\\www\\...')
#14 {main}
CRITICAL - 2023-09-23 07:06:29 --> Column 'ProductName' cannot be null
in SYSTEMPATH\Database\BaseConnection.php on line 646.
 1 SYSTEMPATH\Database\BaseBuilder.php(2308): CodeIgniter\Database\BaseConnection->query('INSERT INTO `products` (`ProductName`, `ProductDescription`, `ProductCategory`, `ProductQuantity`, `ProductPrice`) VALUES (:ProductName:, :ProductDescription:, :ProductCategory:, :ProductQuantity:, :ProductPrice:)', [...], false)
 2 SYSTEMPATH\Model.php(319): CodeIgniter\Database\BaseBuilder->insert()
 3 SYSTEMPATH\BaseModel.php(788): CodeIgniter\Model->doInsert([...])
 4 SYSTEMPATH\Model.php(715): CodeIgniter\BaseModel->insert([...], false)
 5 SYSTEMPATH\BaseModel.php(698): CodeIgniter\Model->insert([...], false)
 6 APPPATH\Controllers\ProductController.php(40): CodeIgniter\BaseModel->save([...])
 7 SYSTEMPATH\CodeIgniter.php(919): App\Controllers\ProductController->save()
 8 SYSTEMPATH\CodeIgniter.php(494): CodeIgniter\CodeIgniter->runController(Object(App\Controllers\ProductController))
 9 SYSTEMPATH\CodeIgniter.php(353): CodeIgniter\CodeIgniter->handleRequest(null, Object(Config\Cache), false)
10 FCPATH\index.php(79): CodeIgniter\CodeIgniter->run()
11 SYSTEMPATH\Commands\Server\rewrite.php(47): require_once('C:\\laragon\\www\\appDev_crud\\public\\index.php')
ERROR - 2023-09-23 07:08:40 --> mysqli_sql_exception: Column 'ProductName' cannot be null in C:\laragon\www\appDev_crud\system\Database\MySQLi\Connection.php:306
Stack trace:
#0 C:\laragon\www\appDev_crud\system\Database\MySQLi\Connection.php(306): mysqli->query('INSERT INTO `pr...', 0)
#1 C:\laragon\www\appDev_crud\system\Database\BaseConnection.php(692): CodeIgniter\Database\MySQLi\Connection->execute('INSERT INTO `pr...')
#2 C:\laragon\www\appDev_crud\system\Database\BaseConnection.php(606): CodeIgniter\Database\BaseConnection->simpleQuery('INSERT INTO `pr...')
#3 C:\laragon\www\appDev_crud\system\Database\BaseBuilder.php(2308): CodeIgniter\Database\BaseConnection->query('INSERT INTO `pr...', Array, false)
#4 C:\laragon\www\appDev_crud\system\Model.php(319): CodeIgniter\Database\BaseBuilder->insert()
#5 C:\laragon\www\appDev_crud\system\BaseModel.php(788): CodeIgniter\Model->doInsert(Array)
#6 C:\laragon\www\appDev_crud\system\Model.php(715): CodeIgniter\BaseModel->insert(Array, false)
#7 C:\laragon\www\appDev_crud\system\BaseModel.php(698): CodeIgniter\Model->insert(Array, false)
#8 C:\laragon\www\appDev_crud\app\Controllers\ProductController.php(40): CodeIgniter\BaseModel->save(Array)
#9 C:\laragon\www\appDev_crud\system\CodeIgniter.php(919): App\Controllers\ProductController->save()
#10 C:\laragon\www\appDev_crud\system\CodeIgniter.php(494): CodeIgniter\CodeIgniter->runController(Object(App\Controllers\ProductController))
#11 C:\laragon\www\appDev_crud\system\CodeIgniter.php(353): CodeIgniter\CodeIgniter->handleRequest(NULL, Object(Config\Cache), false)
#12 C:\laragon\www\appDev_crud\public\index.php(79): CodeIgniter\CodeIgniter->run()
#13 C:\laragon\www\appDev_crud\system\Commands\Server\rewrite.php(47): require_once('C:\\laragon\\www\\...')
#14 {main}
CRITICAL - 2023-09-23 07:08:40 --> Column 'ProductName' cannot be null
in SYSTEMPATH\Database\BaseConnection.php on line 646.
 1 SYSTEMPATH\Database\BaseBuilder.php(2308): CodeIgniter\Database\BaseConnection->query('INSERT INTO `products` (`ProductName`, `ProductDescription`, `ProductCategory`, `ProductQuantity`, `ProductPrice`) VALUES (:ProductName:, :ProductDescription:, :ProductCategory:, :ProductQuantity:, :ProductPrice:)', [...], false)
 2 SYSTEMPATH\Model.php(319): CodeIgniter\Database\BaseBuilder->insert()
 3 SYSTEMPATH\BaseModel.php(788): CodeIgniter\Model->doInsert([...])
 4 SYSTEMPATH\Model.php(715): CodeIgniter\BaseModel->insert([...], false)
 5 SYSTEMPATH\BaseModel.php(698): CodeIgniter\Model->insert([...], false)
 6 APPPATH\Controllers\ProductController.php(40): CodeIgniter\BaseModel->save([...])
 7 SYSTEMPATH\CodeIgniter.php(919): App\Controllers\ProductController->save()
 8 SYSTEMPATH\CodeIgniter.php(494): CodeIgniter\CodeIgniter->runController(Object(App\Controllers\ProductController))
 9 SYSTEMPATH\CodeIgniter.php(353): CodeIgniter\CodeIgniter->handleRequest(null, Object(Config\Cache), false)
10 FCPATH\index.php(79): CodeIgniter\CodeIgniter->run()
11 SYSTEMPATH\Commands\Server\rewrite.php(47): require_once('C:\\laragon\\www\\appDev_crud\\public\\index.php')
