CRITICAL - 2023-10-02 06:06:12 --> Undefined array key "ProductName"
in APPPATH\Views\products.php on line 54.
 1 APPPATH\Views\products.php(54): CodeIgniter\Debug\Exceptions->errorHandler(2, 'Undefined array key "ProductName"', 'C:\\laragon\\www\\appDev_crud\\app\\Views\\products.php', 54)
 2 SYSTEMPATH\View\View.php(226): include('C:\\laragon\\www\\appDev_crud\\app\\Views\\products.php')
 3 SYSTEMPATH\View\View.php(229): CodeIgniter\View\View->CodeIgniter\View\{closure}()
 4 SYSTEMPATH\Common.php(1188): CodeIgniter\View\View->render('products', [], true)
 5 APPPATH\Controllers\ProductController.php(57): view('products', [...])
 6 SYSTEMPATH\CodeIgniter.php(919): App\Controllers\ProductController->test()
 7 SYSTEMPATH\CodeIgniter.php(494): CodeIgniter\CodeIgniter->runController(Object(App\Controllers\ProductController))
 8 SYSTEMPATH\CodeIgniter.php(353): CodeIgniter\CodeIgniter->handleRequest(null, Object(Config\Cache), false)
 9 FCPATH\index.php(79): CodeIgniter\CodeIgniter->run()
10 SYSTEMPATH\Commands\Server\rewrite.php(47): require_once('C:\\laragon\\www\\appDev_crud\\public\\index.php')
CRITICAL - 2023-10-02 06:13:22 --> Class "App\Controllers\ProductModel" not found
in APPPATH\Controllers\ProductController.php on line 13.
 1 SYSTEMPATH\CodeIgniter.php(891): App\Controllers\ProductController->__construct()
 2 SYSTEMPATH\CodeIgniter.php(485): CodeIgniter\CodeIgniter->createController()
 3 SYSTEMPATH\CodeIgniter.php(353): CodeIgniter\CodeIgniter->handleRequest(null, Object(Config\Cache), false)
 4 FCPATH\index.php(79): CodeIgniter\CodeIgniter->run()
 5 SYSTEMPATH\Commands\Server\rewrite.php(47): require_once('C:\\laragon\\www\\appDev_crud\\public\\index.php')
CRITICAL - 2023-10-02 06:36:21 --> Class "App\Controllers\ProductModel" not found
in APPPATH\Controllers\ProductController.php on line 15.
 1 SYSTEMPATH\CodeIgniter.php(891): App\Controllers\ProductController->__construct()
 2 SYSTEMPATH\CodeIgniter.php(485): CodeIgniter\CodeIgniter->createController()
 3 SYSTEMPATH\CodeIgniter.php(353): CodeIgniter\CodeIgniter->handleRequest(null, Object(Config\Cache), false)
 4 FCPATH\index.php(79): CodeIgniter\CodeIgniter->run()
 5 SYSTEMPATH\Commands\Server\rewrite.php(47): require_once('C:\\laragon\\www\\appDev_crud\\public\\index.php')
CRITICAL - 2023-10-02 06:37:10 --> Invalid file: "products/index.php"
in SYSTEMPATH\Exceptions\FrameworkException.php on line 39.
 1 SYSTEMPATH\View\View.php(214): CodeIgniter\Exceptions\FrameworkException::forInvalidFile('products/index.php')
 2 SYSTEMPATH\Common.php(1188): CodeIgniter\View\View->render('products/index', [], true)
 3 APPPATH\Controllers\ProductController.php(26): view('products/index', [...])
 4 SYSTEMPATH\CodeIgniter.php(919): App\Controllers\ProductController->index()
 5 SYSTEMPATH\CodeIgniter.php(494): CodeIgniter\CodeIgniter->runController(Object(App\Controllers\ProductController))
 6 SYSTEMPATH\CodeIgniter.php(353): CodeIgniter\CodeIgniter->handleRequest(null, Object(Config\Cache), false)
 7 FCPATH\index.php(79): CodeIgniter\CodeIgniter->run()
 8 SYSTEMPATH\Commands\Server\rewrite.php(47): require_once('C:\\laragon\\www\\appDev_crud\\public\\index.php')
CRITICAL - 2023-10-02 06:42:57 --> Invalid file: "products/index.php"
in SYSTEMPATH\Exceptions\FrameworkException.php on line 39.
 1 SYSTEMPATH\View\View.php(214): CodeIgniter\Exceptions\FrameworkException::forInvalidFile('products/index.php')
 2 SYSTEMPATH\Common.php(1188): CodeIgniter\View\View->render('products/index', [], true)
 3 APPPATH\Controllers\ProductController.php(26): view('products/index', [...])
 4 SYSTEMPATH\CodeIgniter.php(919): App\Controllers\ProductController->index()
 5 SYSTEMPATH\CodeIgniter.php(494): CodeIgniter\CodeIgniter->runController(Object(App\Controllers\ProductController))
 6 SYSTEMPATH\CodeIgniter.php(353): CodeIgniter\CodeIgniter->handleRequest(null, Object(Config\Cache), false)
 7 FCPATH\index.php(79): CodeIgniter\CodeIgniter->run()
 8 SYSTEMPATH\Commands\Server\rewrite.php(47): require_once('C:\\laragon\\www\\appDev_crud\\public\\index.php')
CRITICAL - 2023-10-02 06:50:37 --> Undefined property: App\Controllers\ProductController::$product
in APPPATH\Controllers\ProductController.php on line 17.
 1 APPPATH\Controllers\ProductController.php(17): CodeIgniter\Debug\Exceptions->errorHandler(2, 'Undefined property: App\\Controllers\\ProductController::$product', 'C:\\laragon\\www\\appDev_crud\\app\\Controllers\\ProductController.php', 17)
 2 SYSTEMPATH\CodeIgniter.php(919): App\Controllers\ProductController->test()
 3 SYSTEMPATH\CodeIgniter.php(494): CodeIgniter\CodeIgniter->runController(Object(App\Controllers\ProductController))
 4 SYSTEMPATH\CodeIgniter.php(353): CodeIgniter\CodeIgniter->handleRequest(null, Object(Config\Cache), false)
 5 FCPATH\index.php(79): CodeIgniter\CodeIgniter->run()
 6 SYSTEMPATH\Commands\Server\rewrite.php(47): require_once('C:\\laragon\\www\\appDev_crud\\public\\index.php')
CRITICAL - 2023-10-02 07:15:10 --> syntax error, unexpected end of file
in APPPATH\Views\products.php on line 37.
 1 SYSTEMPATH\View\View.php(229): CodeIgniter\View\View->CodeIgniter\View\{closure}()
 2 SYSTEMPATH\Common.php(1188): CodeIgniter\View\View->render('products', [], true)
 3 APPPATH\Controllers\ProductController.php(52): view('products', [...])
 4 SYSTEMPATH\CodeIgniter.php(919): App\Controllers\ProductController->test()
 5 SYSTEMPATH\CodeIgniter.php(494): CodeIgniter\CodeIgniter->runController(Object(App\Controllers\ProductController))
 6 SYSTEMPATH\CodeIgniter.php(353): CodeIgniter\CodeIgniter->handleRequest(null, Object(Config\Cache), false)
 7 FCPATH\index.php(79): CodeIgniter\CodeIgniter->run()
 8 SYSTEMPATH\Commands\Server\rewrite.php(47): require_once('C:\\laragon\\www\\appDev_crud\\public\\index.php')
CRITICAL - 2023-10-02 07:17:07 --> Undefined variable $products
in APPPATH\Views\products.php on line 22.
 1 APPPATH\Views\products.php(22): CodeIgniter\Debug\Exceptions->errorHandler(2, 'Undefined variable $products', 'C:\\laragon\\www\\appDev_crud\\app\\Views\\products.php', 22)
 2 SYSTEMPATH\View\View.php(226): include('C:\\laragon\\www\\appDev_crud\\app\\Views\\products.php')
 3 SYSTEMPATH\View\View.php(229): CodeIgniter\View\View->CodeIgniter\View\{closure}()
 4 SYSTEMPATH\Common.php(1188): CodeIgniter\View\View->render('products', [], true)
 5 APPPATH\Controllers\ProductController.php(52): view('products', [...])
 6 SYSTEMPATH\CodeIgniter.php(919): App\Controllers\ProductController->test()
 7 SYSTEMPATH\CodeIgniter.php(494): CodeIgniter\CodeIgniter->runController(Object(App\Controllers\ProductController))
 8 SYSTEMPATH\CodeIgniter.php(353): CodeIgniter\CodeIgniter->handleRequest(null, Object(Config\Cache), false)
 9 FCPATH\index.php(79): CodeIgniter\CodeIgniter->run()
10 SYSTEMPATH\Commands\Server\rewrite.php(47): require_once('C:\\laragon\\www\\appDev_crud\\public\\index.php')
CRITICAL - 2023-10-02 07:17:21 --> Invalid file: "/product.php"
in SYSTEMPATH\Exceptions\FrameworkException.php on line 39.
 1 SYSTEMPATH\View\View.php(214): CodeIgniter\Exceptions\FrameworkException::forInvalidFile('/product.php')
 2 SYSTEMPATH\Common.php(1188): CodeIgniter\View\View->render('/product', [], true)
 3 APPPATH\Controllers\ProductController.php(25): view('/product', [...])
 4 SYSTEMPATH\CodeIgniter.php(919): App\Controllers\ProductController->edit('1')
 5 SYSTEMPATH\CodeIgniter.php(494): CodeIgniter\CodeIgniter->runController(Object(App\Controllers\ProductController))
 6 SYSTEMPATH\CodeIgniter.php(353): CodeIgniter\CodeIgniter->handleRequest(null, Object(Config\Cache), false)
 7 FCPATH\index.php(79): CodeIgniter\CodeIgniter->run()
 8 SYSTEMPATH\Commands\Server\rewrite.php(47): require_once('C:\\laragon\\www\\appDev_crud\\public\\index.php')
CRITICAL - 2023-10-02 07:22:00 --> Invalid file: "create.php"
in SYSTEMPATH\Exceptions\FrameworkException.php on line 39.
 1 SYSTEMPATH\View\View.php(214): CodeIgniter\Exceptions\FrameworkException::forInvalidFile('create.php')
 2 SYSTEMPATH\Common.php(1188): CodeIgniter\View\View->render('create', [], true)
 3 APPPATH\Controllers\ProductController.php(30): view('create')
 4 SYSTEMPATH\CodeIgniter.php(919): App\Controllers\ProductController->create()
 5 SYSTEMPATH\CodeIgniter.php(494): CodeIgniter\CodeIgniter->runController(Object(App\Controllers\ProductController))
 6 SYSTEMPATH\CodeIgniter.php(353): CodeIgniter\CodeIgniter->handleRequest(null, Object(Config\Cache), false)
 7 FCPATH\index.php(79): CodeIgniter\CodeIgniter->run()
 8 SYSTEMPATH\Commands\Server\rewrite.php(47): require_once('C:\\laragon\\www\\appDev_crud\\public\\index.php')
CRITICAL - 2023-10-02 07:38:32 --> Invalid file: "/product.php"
in SYSTEMPATH\Exceptions\FrameworkException.php on line 39.
 1 SYSTEMPATH\View\View.php(214): CodeIgniter\Exceptions\FrameworkException::forInvalidFile('/product.php')
 2 SYSTEMPATH\Common.php(1188): CodeIgniter\View\View->render('/product', [], true)
 3 APPPATH\Controllers\ProductController.php(25): view('/product', [...])
 4 SYSTEMPATH\CodeIgniter.php(919): App\Controllers\ProductController->edit('1')
 5 SYSTEMPATH\CodeIgniter.php(494): CodeIgniter\CodeIgniter->runController(Object(App\Controllers\ProductController))
 6 SYSTEMPATH\CodeIgniter.php(353): CodeIgniter\CodeIgniter->handleRequest(null, Object(Config\Cache), false)
 7 FCPATH\index.php(79): CodeIgniter\CodeIgniter->run()
 8 SYSTEMPATH\Commands\Server\rewrite.php(47): require_once('C:\\laragon\\www\\appDev_crud\\public\\index.php')
CRITICAL - 2023-10-02 07:55:43 --> Undefined variable $data
in APPPATH\Controllers\ProductController.php on line 35.
 1 APPPATH\Controllers\ProductController.php(35): CodeIgniter\Debug\Exceptions->errorHandler(2, 'Undefined variable $data', 'C:\\laragon\\www\\appDev_crud\\app\\Controllers\\ProductController.php', 35)
 2 SYSTEMPATH\CodeIgniter.php(919): App\Controllers\ProductController->save()
 3 SYSTEMPATH\CodeIgniter.php(494): CodeIgniter\CodeIgniter->runController(Object(App\Controllers\ProductController))
 4 SYSTEMPATH\CodeIgniter.php(353): CodeIgniter\CodeIgniter->handleRequest(null, Object(Config\Cache), false)
 5 FCPATH\index.php(79): CodeIgniter\CodeIgniter->run()
 6 SYSTEMPATH\Commands\Server\rewrite.php(47): require_once('C:\\laragon\\www\\appDev_crud\\public\\index.php')
CRITICAL - 2023-10-02 08:00:52 --> Invalid file: "/product.php"
in SYSTEMPATH\Exceptions\FrameworkException.php on line 39.
 1 SYSTEMPATH\View\View.php(214): CodeIgniter\Exceptions\FrameworkException::forInvalidFile('/product.php')
 2 SYSTEMPATH\Common.php(1188): CodeIgniter\View\View->render('/product', [], true)
 3 APPPATH\Controllers\ProductController.php(25): view('/product', [...])
 4 SYSTEMPATH\CodeIgniter.php(919): App\Controllers\ProductController->edit('1')
 5 SYSTEMPATH\CodeIgniter.php(494): CodeIgniter\CodeIgniter->runController(Object(App\Controllers\ProductController))
 6 SYSTEMPATH\CodeIgniter.php(353): CodeIgniter\CodeIgniter->handleRequest(null, Object(Config\Cache), false)
 7 FCPATH\index.php(79): CodeIgniter\CodeIgniter->run()
 8 SYSTEMPATH\Commands\Server\rewrite.php(47): require_once('C:\\laragon\\www\\appDev_crud\\public\\index.php')
CRITICAL - 2023-10-02 08:03:25 --> Invalid file: "/product.php"
in SYSTEMPATH\Exceptions\FrameworkException.php on line 39.
 1 SYSTEMPATH\View\View.php(214): CodeIgniter\Exceptions\FrameworkException::forInvalidFile('/product.php')
 2 SYSTEMPATH\Common.php(1188): CodeIgniter\View\View->render('/product', [], true)
 3 APPPATH\Controllers\ProductController.php(25): view('/product', [...])
 4 SYSTEMPATH\CodeIgniter.php(919): App\Controllers\ProductController->edit('1')
 5 SYSTEMPATH\CodeIgniter.php(494): CodeIgniter\CodeIgniter->runController(Object(App\Controllers\ProductController))
 6 SYSTEMPATH\CodeIgniter.php(353): CodeIgniter\CodeIgniter->handleRequest(null, Object(Config\Cache), false)
 7 FCPATH\index.php(79): CodeIgniter\CodeIgniter->run()
 8 SYSTEMPATH\Commands\Server\rewrite.php(47): require_once('C:\\laragon\\www\\appDev_crud\\public\\index.php')
CRITICAL - 2023-10-02 08:03:28 --> Invalid file: "/product.php"
in SYSTEMPATH\Exceptions\FrameworkException.php on line 39.
 1 SYSTEMPATH\View\View.php(214): CodeIgniter\Exceptions\FrameworkException::forInvalidFile('/product.php')
 2 SYSTEMPATH\Common.php(1188): CodeIgniter\View\View->render('/product', [], true)
 3 APPPATH\Controllers\ProductController.php(25): view('/product', [...])
 4 SYSTEMPATH\CodeIgniter.php(919): App\Controllers\ProductController->edit('1')
 5 SYSTEMPATH\CodeIgniter.php(494): CodeIgniter\CodeIgniter->runController(Object(App\Controllers\ProductController))
 6 SYSTEMPATH\CodeIgniter.php(353): CodeIgniter\CodeIgniter->handleRequest(null, Object(Config\Cache), false)
 7 FCPATH\index.php(79): CodeIgniter\CodeIgniter->run()
 8 SYSTEMPATH\Commands\Server\rewrite.php(47): require_once('C:\\laragon\\www\\appDev_crud\\public\\index.php')
CRITICAL - 2023-10-02 08:05:01 --> Cannot access offset of type string on string
in APPPATH\Views\products.php on line 25.
 1 SYSTEMPATH\View\View.php(226): include()
 2 SYSTEMPATH\View\View.php(229): CodeIgniter\View\View->CodeIgniter\View\{closure}()
 3 SYSTEMPATH\Common.php(1188): CodeIgniter\View\View->render('/products', [], true)
 4 APPPATH\Controllers\ProductController.php(25): view('/products', [...])
 5 SYSTEMPATH\CodeIgniter.php(919): App\Controllers\ProductController->edit('1')
 6 SYSTEMPATH\CodeIgniter.php(494): CodeIgniter\CodeIgniter->runController(Object(App\Controllers\ProductController))
 7 SYSTEMPATH\CodeIgniter.php(353): CodeIgniter\CodeIgniter->handleRequest(null, Object(Config\Cache), false)
 8 FCPATH\index.php(79): CodeIgniter\CodeIgniter->run()
 9 SYSTEMPATH\Commands\Server\rewrite.php(47): require_once('C:\\laragon\\www\\appDev_crud\\public\\index.php')
CRITICAL - 2023-10-02 08:05:41 --> Cannot access offset of type string on string
in APPPATH\Views\products.php on line 25.
 1 SYSTEMPATH\View\View.php(226): include()
 2 SYSTEMPATH\View\View.php(229): CodeIgniter\View\View->CodeIgniter\View\{closure}()
 3 SYSTEMPATH\Common.php(1188): CodeIgniter\View\View->render('/products', [], true)
 4 APPPATH\Controllers\ProductController.php(25): view('/products', [...])
 5 SYSTEMPATH\CodeIgniter.php(919): App\Controllers\ProductController->edit('1')
 6 SYSTEMPATH\CodeIgniter.php(494): CodeIgniter\CodeIgniter->runController(Object(App\Controllers\ProductController))
 7 SYSTEMPATH\CodeIgniter.php(353): CodeIgniter\CodeIgniter->handleRequest(null, Object(Config\Cache), false)
 8 FCPATH\index.php(79): CodeIgniter\CodeIgniter->run()
 9 SYSTEMPATH\Commands\Server\rewrite.php(47): require_once('C:\\laragon\\www\\appDev_crud\\public\\index.php')
CRITICAL - 2023-10-02 08:49:42 --> Cannot access offset of type string on string
in APPPATH\Views\products.php on line 25.
 1 SYSTEMPATH\View\View.php(226): include()
 2 SYSTEMPATH\View\View.php(229): CodeIgniter\View\View->CodeIgniter\View\{closure}()
 3 SYSTEMPATH\Common.php(1188): CodeIgniter\View\View->render('/products', [], true)
 4 APPPATH\Controllers\ProductController.php(25): view('/products', [...])
 5 SYSTEMPATH\CodeIgniter.php(919): App\Controllers\ProductController->edit('1')
 6 SYSTEMPATH\CodeIgniter.php(494): CodeIgniter\CodeIgniter->runController(Object(App\Controllers\ProductController))
 7 SYSTEMPATH\CodeIgniter.php(353): CodeIgniter\CodeIgniter->handleRequest(null, Object(Config\Cache), false)
 8 FCPATH\index.php(79): CodeIgniter\CodeIgniter->run()
 9 SYSTEMPATH\Commands\Server\rewrite.php(47): require_once('C:\\laragon\\www\\appDev_crud\\public\\index.php')
CRITICAL - 2023-10-02 08:51:09 --> Cannot access offset of type string on string
in APPPATH\Views\products.php on line 25.
 1 SYSTEMPATH\View\View.php(226): include()
 2 SYSTEMPATH\View\View.php(229): CodeIgniter\View\View->CodeIgniter\View\{closure}()
 3 SYSTEMPATH\Common.php(1188): CodeIgniter\View\View->render('/products', [], true)
 4 APPPATH\Controllers\ProductController.php(25): view('/products', [...])
 5 SYSTEMPATH\CodeIgniter.php(919): App\Controllers\ProductController->edit('3')
 6 SYSTEMPATH\CodeIgniter.php(494): CodeIgniter\CodeIgniter->runController(Object(App\Controllers\ProductController))
 7 SYSTEMPATH\CodeIgniter.php(353): CodeIgniter\CodeIgniter->handleRequest(null, Object(Config\Cache), false)
 8 FCPATH\index.php(79): CodeIgniter\CodeIgniter->run()
 9 SYSTEMPATH\Commands\Server\rewrite.php(47): require_once('C:\\laragon\\www\\appDev_crud\\public\\index.php')
